2013-05-09 18:02:49,573 [localhost-startStop-1] ERROR StackTrace  - Full Stack Trace:
org.codehaus.groovy.grails.exceptions.InvalidPropertyException: No property found for name [name] for class [class com.axway.Employee]
	at org.codehaus.groovy.grails.commons.DefaultGrailsDomainClass.getPropertyByName(DefaultGrailsDomainClass.java:660)
	at org.codehaus.groovy.grails.orm.hibernate.metaclass.AbstractClausedStaticPersistentMethod$GrailsMethodExpression.setArguments(AbstractClausedStaticPersistentMethod.java:132)
	at org.codehaus.groovy.grails.orm.hibernate.metaclass.AbstractClausedStaticPersistentMethod.doInvokeInternal(AbstractClausedStaticPersistentMethod.java:548)
	at org.codehaus.groovy.grails.orm.hibernate.metaclass.AbstractClausedStaticPersistentMethod.doInvokeInternal(AbstractClausedStaticPersistentMethod.java:450)
	at org.codehaus.groovy.grails.orm.hibernate.metaclass.AbstractStaticPersistentMethod.invoke(AbstractStaticPersistentMethod.java:72)
	at org.codehaus.groovy.grails.orm.hibernate.metaclass.AbstractStaticPersistentMethod.invoke(AbstractStaticPersistentMethod.java:65)
	at org.codehaus.groovy.grails.commons.metaclass.StaticMethodInvocation$invoke.call(Unknown Source)
	at org.grails.datastore.gorm.GormStaticApi.methodMissing(GormStaticApi.groovy:108)
	at com.axway.Employee.$static_methodMissing(Employee.groovy)
	at sun.reflect.NativeMethodAccessorImpl.invoke0(Native Method)
	at sun.reflect.NativeMethodAccessorImpl.invoke(NativeMethodAccessorImpl.java:57)
	at sun.reflect.DelegatingMethodAccessorImpl.invoke(DelegatingMethodAccessorImpl.java:43)
	at java.lang.reflect.Method.invoke(Method.java:601)
	at org.springsource.loaded.ri.ReflectiveInterceptor.jlrMethodInvoke(ReflectiveInterceptor.java:1243)
	at org.codehaus.groovy.reflection.CachedMethod.invoke(CachedMethod.java:90)
	at groovy.lang.MetaClassImpl.invokeStaticMissingMethod(MetaClassImpl.java:1362)
	at groovy.lang.MetaClassImpl.invokeStaticMethod(MetaClassImpl.java:1350)
	at groovy.lang.ExpandoMetaClass.invokeStaticMethod(ExpandoMetaClass.java:1123)
	at org.codehaus.groovy.runtime.callsite.StaticMetaClassSite.call(StaticMetaClassSite.java:50)
	at org.codehaus.groovy.runtime.callsite.CallSiteArray.defaultCall(CallSiteArray.java:45)
	at org.codehaus.groovy.runtime.callsite.AbstractCallSite.call(AbstractCallSite.java:108)
	at org.codehaus.groovy.runtime.callsite.AbstractCallSite.call(AbstractCallSite.java:116)
	at BootStrap$_closure1.doCall(BootStrap.groovy:10)
	at sun.reflect.NativeMethodAccessorImpl.invoke0(Native Method)
	at sun.reflect.NativeMethodAccessorImpl.invoke(NativeMethodAccessorImpl.java:57)
	at sun.reflect.DelegatingMethodAccessorImpl.invoke(DelegatingMethodAccessorImpl.java:43)
	at java.lang.reflect.Method.invoke(Method.java:601)
	at org.springsource.loaded.ri.ReflectiveInterceptor.jlrMethodInvoke(ReflectiveInterceptor.java:1243)
	at org.codehaus.groovy.reflection.CachedMethod.invoke(CachedMethod.java:90)
	at groovy.lang.MetaMethod.doMethodInvoke(MetaMethod.java:233)
	at groovy.lang.MetaClassImpl.invokeMethod(MetaClassImpl.java:1076)
	at groovy.lang.ExpandoMetaClass.invokeMethod(ExpandoMetaClass.java:1110)
	at groovy.lang.MetaClassImpl.invokeMethod(MetaClassImpl.java:906)
	at groovy.lang.MetaClassImpl.invokeMethod(MetaClassImpl.java:950)
	at groovy.lang.ExpandoMetaClass.invokeMethod(ExpandoMetaClass.java:1110)
	at groovy.lang.MetaClassImpl.invokeMethod(MetaClassImpl.java:906)
	at groovy.lang.Closure.call(Closure.java:415)
	at groovy.lang.Closure.call(Closure.java:409)
	at grails.util.Environment.evaluateEnvironmentSpecificBlock(Environment.java:308)
	at grails.util.Environment.executeForEnvironment(Environment.java:301)
	at grails.util.Environment.executeForCurrentEnvironment(Environment.java:277)
	at org.codehaus.groovy.grails.commons.DefaultGrailsBootstrapClass.callInit(DefaultGrailsBootstrapClass.java:60)
	at org.codehaus.groovy.grails.web.context.GrailsConfigUtils.executeGrailsBootstraps(GrailsConfigUtils.java:74)
	at org.codehaus.groovy.grails.web.context.GrailsContextLoader.initWebApplicationContext(GrailsContextLoader.java:108)
	at org.springframework.web.context.ContextLoaderListener.contextInitialized(ContextLoaderListener.java:111)
	at org.apache.catalina.core.StandardContext.listenerStart(StandardContext.java:4791)
	at org.apache.catalina.core.StandardContext.startInternal(StandardContext.java:5285)
	at org.apache.catalina.util.LifecycleBase.start(LifecycleBase.java:150)
	at org.apache.catalina.core.ContainerBase$StartChild.call(ContainerBase.java:1559)
	at org.apache.catalina.core.ContainerBase$StartChild.call(ContainerBase.java:1549)
	at java.util.concurrent.FutureTask$Sync.innerRun(FutureTask.java:334)
	at java.util.concurrent.FutureTask.run(FutureTask.java:166)
	at java.util.concurrent.ThreadPoolExecutor.runWorker(ThreadPoolExecutor.java:1145)
	at java.util.concurrent.ThreadPoolExecutor$Worker.run(ThreadPoolExecutor.java:615)
	at java.lang.Thread.run(Thread.java:722)
2013-05-09 18:02:49,575 [localhost-startStop-1] ERROR StackTrace  - Full Stack Trace:
org.codehaus.groovy.grails.exceptions.InvalidPropertyException: No property found for name [name] for class [class com.axway.Employee]
	at org.grails.datastore.gorm.GormStaticApi.methodMissing(GormStaticApi.groovy:108)
	at BootStrap$_closure1.doCall(BootStrap.groovy:10)
	at grails.util.Environment.evaluateEnvironmentSpecificBlock(Environment.java:308)
	at grails.util.Environment.executeForEnvironment(Environment.java:301)
	at grails.util.Environment.executeForCurrentEnvironment(Environment.java:277)
	at java.util.concurrent.FutureTask$Sync.innerRun(FutureTask.java:334)
	at java.util.concurrent.FutureTask.run(FutureTask.java:166)
	at java.util.concurrent.ThreadPoolExecutor.runWorker(ThreadPoolExecutor.java:1145)
	at java.util.concurrent.ThreadPoolExecutor$Worker.run(ThreadPoolExecutor.java:615)
	at java.lang.Thread.run(Thread.java:722)
2013-05-09 18:02:49,575 [localhost-startStop-1] ERROR StackTrace  - Full Stack Trace:
org.codehaus.groovy.grails.exceptions.InvalidPropertyException: No property found for name [name] for class [class com.axway.Employee]
	at org.grails.datastore.gorm.GormStaticApi.methodMissing(GormStaticApi.groovy:108)
	at BootStrap$_closure1.doCall(BootStrap.groovy:10)
	at grails.util.Environment.evaluateEnvironmentSpecificBlock(Environment.java:308)
	at grails.util.Environment.executeForEnvironment(Environment.java:301)
	at grails.util.Environment.executeForCurrentEnvironment(Environment.java:277)
	at java.util.concurrent.FutureTask$Sync.innerRun(FutureTask.java:334)
	at java.util.concurrent.FutureTask.run(FutureTask.java:166)
	at java.util.concurrent.ThreadPoolExecutor.runWorker(ThreadPoolExecutor.java:1145)
	at java.util.concurrent.ThreadPoolExecutor$Worker.run(ThreadPoolExecutor.java:615)
	at java.lang.Thread.run(Thread.java:722)
2013-05-09 18:02:49,575 [localhost-startStop-1] ERROR StackTrace  - Full Stack Trace:
org.codehaus.groovy.grails.exceptions.InvalidPropertyException: No property found for name [name] for class [class com.axway.Employee]
	at org.grails.datastore.gorm.GormStaticApi.methodMissing(GormStaticApi.groovy:108)
	at BootStrap$_closure1.doCall(BootStrap.groovy:10)
	at grails.util.Environment.evaluateEnvironmentSpecificBlock(Environment.java:308)
	at grails.util.Environment.executeForEnvironment(Environment.java:301)
	at grails.util.Environment.executeForCurrentEnvironment(Environment.java:277)
	at java.util.concurrent.FutureTask$Sync.innerRun(FutureTask.java:334)
	at java.util.concurrent.FutureTask.run(FutureTask.java:166)
	at java.util.concurrent.ThreadPoolExecutor.runWorker(ThreadPoolExecutor.java:1145)
	at java.util.concurrent.ThreadPoolExecutor$Worker.run(ThreadPoolExecutor.java:615)
	at java.lang.Thread.run(Thread.java:722)
2013-05-09 18:02:49,576 [localhost-startStop-1] ERROR StackTrace  - Full Stack Trace:
org.codehaus.groovy.grails.exceptions.InvalidPropertyException: No property found for name [name] for class [class com.axway.Employee]
	at org.grails.datastore.gorm.GormStaticApi.methodMissing(GormStaticApi.groovy:108)
	at BootStrap$_closure1.doCall(BootStrap.groovy:10)
	at grails.util.Environment.evaluateEnvironmentSpecificBlock(Environment.java:308)
	at grails.util.Environment.executeForEnvironment(Environment.java:301)
	at grails.util.Environment.executeForCurrentEnvironment(Environment.java:277)
	at java.util.concurrent.FutureTask$Sync.innerRun(FutureTask.java:334)
	at java.util.concurrent.FutureTask.run(FutureTask.java:166)
	at java.util.concurrent.ThreadPoolExecutor.runWorker(ThreadPoolExecutor.java:1145)
	at java.util.concurrent.ThreadPoolExecutor$Worker.run(ThreadPoolExecutor.java:615)
	at java.lang.Thread.run(Thread.java:722)
2013-05-09 18:02:49,576 [localhost-startStop-1] ERROR StackTrace  - Full Stack Trace:
org.codehaus.groovy.grails.exceptions.InvalidPropertyException: No property found for name [name] for class [class com.axway.Employee]
	at org.grails.datastore.gorm.GormStaticApi.methodMissing(GormStaticApi.groovy:108)
	at BootStrap$_closure1.doCall(BootStrap.groovy:10)
	at grails.util.Environment.evaluateEnvironmentSpecificBlock(Environment.java:308)
	at grails.util.Environment.executeForEnvironment(Environment.java:301)
	at grails.util.Environment.executeForCurrentEnvironment(Environment.java:277)
	at java.util.concurrent.FutureTask$Sync.innerRun(FutureTask.java:334)
	at java.util.concurrent.FutureTask.run(FutureTask.java:166)
	at java.util.concurrent.ThreadPoolExecutor.runWorker(ThreadPoolExecutor.java:1145)
	at java.util.concurrent.ThreadPoolExecutor$Worker.run(ThreadPoolExecutor.java:615)
	at java.lang.Thread.run(Thread.java:722)
2013-05-09 18:04:57,940 [localhost-startStop-1] ERROR StackTrace  - Full Stack Trace:
org.codehaus.groovy.runtime.InvokerInvocationException: groovy.lang.MissingMethodException: No signature of method: com.axway.EmployeeRole.create() is applicable for argument types: (com.axway.Employee) values: [com.axway.Employee : 1]
Possible solutions: create(), create(com.axway.Employee, com.axway.Role), create(com.axway.Employee, com.axway.Role, boolean), merge(), read(java.io.Serializable), count()
	at org.codehaus.groovy.reflection.CachedMethod.invoke(CachedMethod.java:97)
	at groovy.lang.MetaMethod.doMethodInvoke(MetaMethod.java:233)
	at groovy.lang.MetaClassImpl.invokeMethod(MetaClassImpl.java:1076)
	at groovy.lang.ExpandoMetaClass.invokeMethod(ExpandoMetaClass.java:1110)
	at groovy.lang.MetaClassImpl.invokeMethod(MetaClassImpl.java:906)
	at groovy.lang.MetaClassImpl.invokeMethod(MetaClassImpl.java:950)
	at groovy.lang.ExpandoMetaClass.invokeMethod(ExpandoMetaClass.java:1110)
	at groovy.lang.MetaClassImpl.invokeMethod(MetaClassImpl.java:906)
	at groovy.lang.Closure.call(Closure.java:415)
	at groovy.lang.Closure.call(Closure.java:409)
	at grails.util.Environment.evaluateEnvironmentSpecificBlock(Environment.java:308)
	at grails.util.Environment.executeForEnvironment(Environment.java:301)
	at grails.util.Environment.executeForCurrentEnvironment(Environment.java:277)
	at org.codehaus.groovy.grails.commons.DefaultGrailsBootstrapClass.callInit(DefaultGrailsBootstrapClass.java:60)
	at org.codehaus.groovy.grails.web.context.GrailsConfigUtils.executeGrailsBootstraps(GrailsConfigUtils.java:74)
	at org.codehaus.groovy.grails.web.context.GrailsContextLoader.initWebApplicationContext(GrailsContextLoader.java:108)
	at org.springframework.web.context.ContextLoaderListener.contextInitialized(ContextLoaderListener.java:111)
	at org.apache.catalina.core.StandardContext.listenerStart(StandardContext.java:4791)
	at org.apache.catalina.core.StandardContext.startInternal(StandardContext.java:5285)
	at org.apache.catalina.util.LifecycleBase.start(LifecycleBase.java:150)
	at org.apache.catalina.core.ContainerBase$StartChild.call(ContainerBase.java:1559)
	at org.apache.catalina.core.ContainerBase$StartChild.call(ContainerBase.java:1549)
	at java.util.concurrent.FutureTask$Sync.innerRun(FutureTask.java:334)
	at java.util.concurrent.FutureTask.run(FutureTask.java:166)
	at java.util.concurrent.ThreadPoolExecutor.runWorker(ThreadPoolExecutor.java:1145)
	at java.util.concurrent.ThreadPoolExecutor$Worker.run(ThreadPoolExecutor.java:615)
	at java.lang.Thread.run(Thread.java:722)
Caused by: groovy.lang.MissingMethodException: No signature of method: com.axway.EmployeeRole.create() is applicable for argument types: (com.axway.Employee) values: [com.axway.Employee : 1]
Possible solutions: create(), create(com.axway.Employee, com.axway.Role), create(com.axway.Employee, com.axway.Role, boolean), merge(), read(java.io.Serializable), count()
	at sun.reflect.NativeConstructorAccessorImpl.newInstance0(Native Method)
	at sun.reflect.NativeConstructorAccessorImpl.newInstance(NativeConstructorAccessorImpl.java:57)
	at sun.reflect.DelegatingConstructorAccessorImpl.newInstance(DelegatingConstructorAccessorImpl.java:45)
	at java.lang.reflect.Constructor.newInstance(Constructor.java:525)
	at org.springsource.loaded.ri.ReflectiveInterceptor.jlrConstructorNewInstance(ReflectiveInterceptor.java:975)
	at org.codehaus.groovy.reflection.CachedConstructor.invoke(CachedConstructor.java:77)
	at org.codehaus.groovy.runtime.callsite.ConstructorSite$ConstructorSiteNoUnwrapNoCoerce.callConstructor(ConstructorSite.java:102)
	at org.codehaus.groovy.runtime.callsite.CallSiteArray.defaultCallConstructor(CallSiteArray.java:57)
	at org.codehaus.groovy.runtime.callsite.AbstractCallSite.callConstructor(AbstractCallSite.java:182)
	at org.codehaus.groovy.runtime.callsite.AbstractCallSite.callConstructor(AbstractCallSite.java:198)
	at org.grails.datastore.gorm.GormStaticApi.methodMissing(GormStaticApi.groovy:97)
	at com.axway.EmployeeRole.$static_methodMissing(EmployeeRole.groovy)
	at sun.reflect.NativeMethodAccessorImpl.invoke0(Native Method)
	at sun.reflect.NativeMethodAccessorImpl.invoke(NativeMethodAccessorImpl.java:57)
	at sun.reflect.DelegatingMethodAccessorImpl.invoke(DelegatingMethodAccessorImpl.java:43)
	at java.lang.reflect.Method.invoke(Method.java:601)
	at org.springsource.loaded.ri.ReflectiveInterceptor.jlrMethodInvoke(ReflectiveInterceptor.java:1243)
	at org.codehaus.groovy.reflection.CachedMethod.invoke(CachedMethod.java:90)
	at groovy.lang.MetaClassImpl.invokeStaticMissingMethod(MetaClassImpl.java:1362)
	at groovy.lang.MetaClassImpl.invokeStaticMethod(MetaClassImpl.java:1350)
	at groovy.lang.ExpandoMetaClass.invokeStaticMethod(ExpandoMetaClass.java:1123)
	at org.codehaus.groovy.runtime.callsite.StaticMetaClassSite.call(StaticMetaClassSite.java:50)
	at org.codehaus.groovy.runtime.callsite.CallSiteArray.defaultCall(CallSiteArray.java:45)
	at org.codehaus.groovy.runtime.callsite.AbstractCallSite.call(AbstractCallSite.java:108)
	at org.codehaus.groovy.runtime.callsite.AbstractCallSite.call(AbstractCallSite.java:116)
	at BootStrap$_closure1.doCall(BootStrap.groovy:12)
	at sun.reflect.NativeMethodAccessorImpl.invoke0(Native Method)
	at sun.reflect.NativeMethodAccessorImpl.invoke(NativeMethodAccessorImpl.java:57)
	at sun.reflect.DelegatingMethodAccessorImpl.invoke(DelegatingMethodAccessorImpl.java:43)
	at java.lang.reflect.Method.invoke(Method.java:601)
	at org.springsource.loaded.ri.ReflectiveInterceptor.jlrMethodInvoke(ReflectiveInterceptor.java:1243)
	at org.codehaus.groovy.reflection.CachedMethod.invoke(CachedMethod.java:90)
	... 26 more
2013-05-09 18:04:57,999 [localhost-startStop-1] ERROR StackTrace  - Full Stack Trace:
groovy.lang.MissingMethodException: No signature of method: com.axway.EmployeeRole.create() is applicable for argument types: (com.axway.Employee) values: [com.axway.Employee : 1]
Possible solutions: create(), create(com.axway.Employee, com.axway.Role), create(com.axway.Employee, com.axway.Role, boolean), merge(), read(java.io.Serializable), count()
	at sun.reflect.NativeConstructorAccessorImpl.newInstance0(Native Method)
	at sun.reflect.NativeConstructorAccessorImpl.newInstance(NativeConstructorAccessorImpl.java:57)
	at sun.reflect.DelegatingConstructorAccessorImpl.newInstance(DelegatingConstructorAccessorImpl.java:45)
	at java.lang.reflect.Constructor.newInstance(Constructor.java:525)
	at org.springsource.loaded.ri.ReflectiveInterceptor.jlrConstructorNewInstance(ReflectiveInterceptor.java:975)
	at org.codehaus.groovy.reflection.CachedConstructor.invoke(CachedConstructor.java:77)
	at org.codehaus.groovy.runtime.callsite.ConstructorSite$ConstructorSiteNoUnwrapNoCoerce.callConstructor(ConstructorSite.java:102)
	at org.codehaus.groovy.runtime.callsite.CallSiteArray.defaultCallConstructor(CallSiteArray.java:57)
	at org.codehaus.groovy.runtime.callsite.AbstractCallSite.callConstructor(AbstractCallSite.java:182)
	at org.codehaus.groovy.runtime.callsite.AbstractCallSite.callConstructor(AbstractCallSite.java:198)
	at org.grails.datastore.gorm.GormStaticApi.methodMissing(GormStaticApi.groovy:97)
	at com.axway.EmployeeRole.$static_methodMissing(EmployeeRole.groovy)
	at sun.reflect.NativeMethodAccessorImpl.invoke0(Native Method)
	at sun.reflect.NativeMethodAccessorImpl.invoke(NativeMethodAccessorImpl.java:57)
	at sun.reflect.DelegatingMethodAccessorImpl.invoke(DelegatingMethodAccessorImpl.java:43)
	at java.lang.reflect.Method.invoke(Method.java:601)
	at org.springsource.loaded.ri.ReflectiveInterceptor.jlrMethodInvoke(ReflectiveInterceptor.java:1243)
	at org.codehaus.groovy.reflection.CachedMethod.invoke(CachedMethod.java:90)
	at groovy.lang.MetaClassImpl.invokeStaticMissingMethod(MetaClassImpl.java:1362)
	at groovy.lang.MetaClassImpl.invokeStaticMethod(MetaClassImpl.java:1350)
	at groovy.lang.ExpandoMetaClass.invokeStaticMethod(ExpandoMetaClass.java:1123)
	at org.codehaus.groovy.runtime.callsite.StaticMetaClassSite.call(StaticMetaClassSite.java:50)
	at org.codehaus.groovy.runtime.callsite.CallSiteArray.defaultCall(CallSiteArray.java:45)
	at org.codehaus.groovy.runtime.callsite.AbstractCallSite.call(AbstractCallSite.java:108)
	at org.codehaus.groovy.runtime.callsite.AbstractCallSite.call(AbstractCallSite.java:116)
	at BootStrap$_closure1.doCall(BootStrap.groovy:12)
	at sun.reflect.NativeMethodAccessorImpl.invoke0(Native Method)
	at sun.reflect.NativeMethodAccessorImpl.invoke(NativeMethodAccessorImpl.java:57)
	at sun.reflect.DelegatingMethodAccessorImpl.invoke(DelegatingMethodAccessorImpl.java:43)
	at java.lang.reflect.Method.invoke(Method.java:601)
	at org.springsource.loaded.ri.ReflectiveInterceptor.jlrMethodInvoke(ReflectiveInterceptor.java:1243)
	at org.codehaus.groovy.reflection.CachedMethod.invoke(CachedMethod.java:90)
	at groovy.lang.MetaMethod.doMethodInvoke(MetaMethod.java:233)
	at groovy.lang.MetaClassImpl.invokeMethod(MetaClassImpl.java:1076)
	at groovy.lang.ExpandoMetaClass.invokeMethod(ExpandoMetaClass.java:1110)
	at groovy.lang.MetaClassImpl.invokeMethod(MetaClassImpl.java:906)
	at groovy.lang.MetaClassImpl.invokeMethod(MetaClassImpl.java:950)
	at groovy.lang.ExpandoMetaClass.invokeMethod(ExpandoMetaClass.java:1110)
	at groovy.lang.MetaClassImpl.invokeMethod(MetaClassImpl.java:906)
	at groovy.lang.Closure.call(Closure.java:415)
	at groovy.lang.Closure.call(Closure.java:409)
	at grails.util.Environment.evaluateEnvironmentSpecificBlock(Environment.java:308)
	at grails.util.Environment.executeForEnvironment(Environment.java:301)
	at grails.util.Environment.executeForCurrentEnvironment(Environment.java:277)
	at org.codehaus.groovy.grails.commons.DefaultGrailsBootstrapClass.callInit(DefaultGrailsBootstrapClass.java:60)
	at org.codehaus.groovy.grails.web.context.GrailsConfigUtils.executeGrailsBootstraps(GrailsConfigUtils.java:74)
	at org.codehaus.groovy.grails.web.context.GrailsContextLoader.initWebApplicationContext(GrailsContextLoader.java:108)
	at org.springframework.web.context.ContextLoaderListener.contextInitialized(ContextLoaderListener.java:111)
	at org.apache.catalina.core.StandardContext.listenerStart(StandardContext.java:4791)
	at org.apache.catalina.core.StandardContext.startInternal(StandardContext.java:5285)
	at org.apache.catalina.util.LifecycleBase.start(LifecycleBase.java:150)
	at org.apache.catalina.core.ContainerBase$StartChild.call(ContainerBase.java:1559)
	at org.apache.catalina.core.ContainerBase$StartChild.call(ContainerBase.java:1549)
	at java.util.concurrent.FutureTask$Sync.innerRun(FutureTask.java:334)
	at java.util.concurrent.FutureTask.run(FutureTask.java:166)
	at java.util.concurrent.ThreadPoolExecutor.runWorker(ThreadPoolExecutor.java:1145)
	at java.util.concurrent.ThreadPoolExecutor$Worker.run(ThreadPoolExecutor.java:615)
	at java.lang.Thread.run(Thread.java:722)
2013-05-09 18:04:58,012 [localhost-startStop-1] ERROR StackTrace  - Full Stack Trace:
org.codehaus.groovy.runtime.InvokerInvocationException: groovy.lang.MissingMethodException: No signature of method: com.axway.EmployeeRole.create() is applicable for argument types: (com.axway.Employee) values: [com.axway.Employee : 1]
Possible solutions: create(), create(com.axway.Employee, com.axway.Role), create(com.axway.Employee, com.axway.Role, boolean), merge(), read(java.io.Serializable), count()
	at grails.util.Environment.evaluateEnvironmentSpecificBlock(Environment.java:308)
	at grails.util.Environment.executeForEnvironment(Environment.java:301)
	at grails.util.Environment.executeForCurrentEnvironment(Environment.java:277)
	at java.util.concurrent.FutureTask$Sync.innerRun(FutureTask.java:334)
	at java.util.concurrent.FutureTask.run(FutureTask.java:166)
	at java.util.concurrent.ThreadPoolExecutor.runWorker(ThreadPoolExecutor.java:1145)
	at java.util.concurrent.ThreadPoolExecutor$Worker.run(ThreadPoolExecutor.java:615)
	at java.lang.Thread.run(Thread.java:722)
Caused by: groovy.lang.MissingMethodException: No signature of method: com.axway.EmployeeRole.create() is applicable for argument types: (com.axway.Employee) values: [com.axway.Employee : 1]
Possible solutions: create(), create(com.axway.Employee, com.axway.Role), create(com.axway.Employee, com.axway.Role, boolean), merge(), read(java.io.Serializable), count()
	at org.grails.datastore.gorm.GormStaticApi.methodMissing(GormStaticApi.groovy:97)
	at BootStrap$_closure1.doCall(BootStrap.groovy:12)
	... 8 more
2013-05-09 18:04:58,048 [localhost-startStop-1] ERROR StackTrace  - Full Stack Trace:
org.codehaus.groovy.runtime.InvokerInvocationException: groovy.lang.MissingMethodException: No signature of method: com.axway.EmployeeRole.create() is applicable for argument types: (com.axway.Employee) values: [com.axway.Employee : 1]
Possible solutions: create(), create(com.axway.Employee, com.axway.Role), create(com.axway.Employee, com.axway.Role, boolean), merge(), read(java.io.Serializable), count()
	at grails.util.Environment.evaluateEnvironmentSpecificBlock(Environment.java:308)
	at grails.util.Environment.executeForEnvironment(Environment.java:301)
	at grails.util.Environment.executeForCurrentEnvironment(Environment.java:277)
	at java.util.concurrent.FutureTask$Sync.innerRun(FutureTask.java:334)
	at java.util.concurrent.FutureTask.run(FutureTask.java:166)
	at java.util.concurrent.ThreadPoolExecutor.runWorker(ThreadPoolExecutor.java:1145)
	at java.util.concurrent.ThreadPoolExecutor$Worker.run(ThreadPoolExecutor.java:615)
	at java.lang.Thread.run(Thread.java:722)
Caused by: groovy.lang.MissingMethodException: No signature of method: com.axway.EmployeeRole.create() is applicable for argument types: (com.axway.Employee) values: [com.axway.Employee : 1]
Possible solutions: create(), create(com.axway.Employee, com.axway.Role), create(com.axway.Employee, com.axway.Role, boolean), merge(), read(java.io.Serializable), count()
	at org.grails.datastore.gorm.GormStaticApi.methodMissing(GormStaticApi.groovy:97)
	at BootStrap$_closure1.doCall(BootStrap.groovy:12)
	... 8 more
2013-05-09 18:04:58,067 [localhost-startStop-1] ERROR StackTrace  - Full Stack Trace:
groovy.lang.MissingMethodException: No signature of method: com.axway.EmployeeRole.create() is applicable for argument types: (com.axway.Employee) values: [com.axway.Employee : 1]
Possible solutions: create(), create(com.axway.Employee, com.axway.Role), create(com.axway.Employee, com.axway.Role, boolean), merge(), read(java.io.Serializable), count()
	at org.grails.datastore.gorm.GormStaticApi.methodMissing(GormStaticApi.groovy:97)
	at BootStrap$_closure1.doCall(BootStrap.groovy:12)
	at grails.util.Environment.evaluateEnvironmentSpecificBlock(Environment.java:308)
	at grails.util.Environment.executeForEnvironment(Environment.java:301)
	at grails.util.Environment.executeForCurrentEnvironment(Environment.java:277)
	at java.util.concurrent.FutureTask$Sync.innerRun(FutureTask.java:334)
	at java.util.concurrent.FutureTask.run(FutureTask.java:166)
	at java.util.concurrent.ThreadPoolExecutor.runWorker(ThreadPoolExecutor.java:1145)
	at java.util.concurrent.ThreadPoolExecutor$Worker.run(ThreadPoolExecutor.java:615)
	at java.lang.Thread.run(Thread.java:722)
2013-05-09 18:04:58,068 [localhost-startStop-1] ERROR StackTrace  - Full Stack Trace:
org.codehaus.groovy.runtime.InvokerInvocationException: groovy.lang.MissingMethodException: No signature of method: com.axway.EmployeeRole.create() is applicable for argument types: (com.axway.Employee) values: [com.axway.Employee : 1]
Possible solutions: create(), create(com.axway.Employee, com.axway.Role), create(com.axway.Employee, com.axway.Role, boolean), merge(), read(java.io.Serializable), count()
	at grails.util.Environment.evaluateEnvironmentSpecificBlock(Environment.java:308)
	at grails.util.Environment.executeForEnvironment(Environment.java:301)
	at grails.util.Environment.executeForCurrentEnvironment(Environment.java:277)
	at java.util.concurrent.FutureTask$Sync.innerRun(FutureTask.java:334)
	at java.util.concurrent.FutureTask.run(FutureTask.java:166)
	at java.util.concurrent.ThreadPoolExecutor.runWorker(ThreadPoolExecutor.java:1145)
	at java.util.concurrent.ThreadPoolExecutor$Worker.run(ThreadPoolExecutor.java:615)
	at java.lang.Thread.run(Thread.java:722)
Caused by: groovy.lang.MissingMethodException: No signature of method: com.axway.EmployeeRole.create() is applicable for argument types: (com.axway.Employee) values: [com.axway.Employee : 1]
Possible solutions: create(), create(com.axway.Employee, com.axway.Role), create(com.axway.Employee, com.axway.Role, boolean), merge(), read(java.io.Serializable), count()
	at org.grails.datastore.gorm.GormStaticApi.methodMissing(GormStaticApi.groovy:97)
	at BootStrap$_closure1.doCall(BootStrap.groovy:12)
	... 8 more
2013-05-09 18:04:58,076 [localhost-startStop-1] ERROR StackTrace  - Full Stack Trace:
org.codehaus.groovy.runtime.InvokerInvocationException: groovy.lang.MissingMethodException: No signature of method: com.axway.EmployeeRole.create() is applicable for argument types: (com.axway.Employee) values: [com.axway.Employee : 1]
Possible solutions: create(), create(com.axway.Employee, com.axway.Role), create(com.axway.Employee, com.axway.Role, boolean), merge(), read(java.io.Serializable), count()
	at grails.util.Environment.evaluateEnvironmentSpecificBlock(Environment.java:308)
	at grails.util.Environment.executeForEnvironment(Environment.java:301)
	at grails.util.Environment.executeForCurrentEnvironment(Environment.java:277)
	at java.util.concurrent.FutureTask$Sync.innerRun(FutureTask.java:334)
	at java.util.concurrent.FutureTask.run(FutureTask.java:166)
	at java.util.concurrent.ThreadPoolExecutor.runWorker(ThreadPoolExecutor.java:1145)
	at java.util.concurrent.ThreadPoolExecutor$Worker.run(ThreadPoolExecutor.java:615)
	at java.lang.Thread.run(Thread.java:722)
Caused by: groovy.lang.MissingMethodException: No signature of method: com.axway.EmployeeRole.create() is applicable for argument types: (com.axway.Employee) values: [com.axway.Employee : 1]
Possible solutions: create(), create(com.axway.Employee, com.axway.Role), create(com.axway.Employee, com.axway.Role, boolean), merge(), read(java.io.Serializable), count()
	at org.grails.datastore.gorm.GormStaticApi.methodMissing(GormStaticApi.groovy:97)
	at BootStrap$_closure1.doCall(BootStrap.groovy:12)
	... 8 more
2013-05-09 18:04:58,079 [localhost-startStop-1] ERROR StackTrace  - Full Stack Trace:
groovy.lang.MissingMethodException: No signature of method: com.axway.EmployeeRole.create() is applicable for argument types: (com.axway.Employee) values: [com.axway.Employee : 1]
Possible solutions: create(), create(com.axway.Employee, com.axway.Role), create(com.axway.Employee, com.axway.Role, boolean), merge(), read(java.io.Serializable), count()
	at org.grails.datastore.gorm.GormStaticApi.methodMissing(GormStaticApi.groovy:97)
	at BootStrap$_closure1.doCall(BootStrap.groovy:12)
	at grails.util.Environment.evaluateEnvironmentSpecificBlock(Environment.java:308)
	at grails.util.Environment.executeForEnvironment(Environment.java:301)
	at grails.util.Environment.executeForCurrentEnvironment(Environment.java:277)
	at java.util.concurrent.FutureTask$Sync.innerRun(FutureTask.java:334)
	at java.util.concurrent.FutureTask.run(FutureTask.java:166)
	at java.util.concurrent.ThreadPoolExecutor.runWorker(ThreadPoolExecutor.java:1145)
	at java.util.concurrent.ThreadPoolExecutor$Worker.run(ThreadPoolExecutor.java:615)
	at java.lang.Thread.run(Thread.java:722)
2013-05-09 18:04:58,080 [localhost-startStop-1] ERROR StackTrace  - Full Stack Trace:
org.codehaus.groovy.runtime.InvokerInvocationException: groovy.lang.MissingMethodException: No signature of method: com.axway.EmployeeRole.create() is applicable for argument types: (com.axway.Employee) values: [com.axway.Employee : 1]
Possible solutions: create(), create(com.axway.Employee, com.axway.Role), create(com.axway.Employee, com.axway.Role, boolean), merge(), read(java.io.Serializable), count()
	at grails.util.Environment.evaluateEnvironmentSpecificBlock(Environment.java:308)
	at grails.util.Environment.executeForEnvironment(Environment.java:301)
	at grails.util.Environment.executeForCurrentEnvironment(Environment.java:277)
	at java.util.concurrent.FutureTask$Sync.innerRun(FutureTask.java:334)
	at java.util.concurrent.FutureTask.run(FutureTask.java:166)
	at java.util.concurrent.ThreadPoolExecutor.runWorker(ThreadPoolExecutor.java:1145)
	at java.util.concurrent.ThreadPoolExecutor$Worker.run(ThreadPoolExecutor.java:615)
	at java.lang.Thread.run(Thread.java:722)
Caused by: groovy.lang.MissingMethodException: No signature of method: com.axway.EmployeeRole.create() is applicable for argument types: (com.axway.Employee) values: [com.axway.Employee : 1]
Possible solutions: create(), create(com.axway.Employee, com.axway.Role), create(com.axway.Employee, com.axway.Role, boolean), merge(), read(java.io.Serializable), count()
	at org.grails.datastore.gorm.GormStaticApi.methodMissing(GormStaticApi.groovy:97)
	at BootStrap$_closure1.doCall(BootStrap.groovy:12)
	... 8 more
2013-05-09 18:07:56,076 [localhost-startStop-1] ERROR StackTrace  - Full Stack Trace:
org.codehaus.groovy.runtime.InvokerInvocationException: groovy.lang.MissingMethodException: No signature of method: com.axway.EmployeeRole.create() is applicable for argument types: (com.axway.Employee) values: [com.axway.Employee : 1]
Possible solutions: create(), create(com.axway.Employee, com.axway.Role), create(com.axway.Employee, com.axway.Role, boolean), merge(), read(java.io.Serializable), count()
	at org.codehaus.groovy.reflection.CachedMethod.invoke(CachedMethod.java:97)
	at groovy.lang.MetaMethod.doMethodInvoke(MetaMethod.java:233)
	at groovy.lang.MetaClassImpl.invokeMethod(MetaClassImpl.java:1076)
	at groovy.lang.ExpandoMetaClass.invokeMethod(ExpandoMetaClass.java:1110)
	at groovy.lang.MetaClassImpl.invokeMethod(MetaClassImpl.java:906)
	at groovy.lang.MetaClassImpl.invokeMethod(MetaClassImpl.java:950)
	at groovy.lang.ExpandoMetaClass.invokeMethod(ExpandoMetaClass.java:1110)
	at groovy.lang.MetaClassImpl.invokeMethod(MetaClassImpl.java:906)
	at groovy.lang.Closure.call(Closure.java:415)
	at groovy.lang.Closure.call(Closure.java:409)
	at grails.util.Environment.evaluateEnvironmentSpecificBlock(Environment.java:308)
	at grails.util.Environment.executeForEnvironment(Environment.java:301)
	at grails.util.Environment.executeForCurrentEnvironment(Environment.java:277)
	at org.codehaus.groovy.grails.commons.DefaultGrailsBootstrapClass.callInit(DefaultGrailsBootstrapClass.java:60)
	at org.codehaus.groovy.grails.web.context.GrailsConfigUtils.executeGrailsBootstraps(GrailsConfigUtils.java:74)
	at org.codehaus.groovy.grails.web.context.GrailsContextLoader.initWebApplicationContext(GrailsContextLoader.java:108)
	at org.springframework.web.context.ContextLoaderListener.contextInitialized(ContextLoaderListener.java:111)
	at org.apache.catalina.core.StandardContext.listenerStart(StandardContext.java:4791)
	at org.apache.catalina.core.StandardContext.startInternal(StandardContext.java:5285)
	at org.apache.catalina.util.LifecycleBase.start(LifecycleBase.java:150)
	at org.apache.catalina.core.ContainerBase$StartChild.call(ContainerBase.java:1559)
	at org.apache.catalina.core.ContainerBase$StartChild.call(ContainerBase.java:1549)
	at java.util.concurrent.FutureTask$Sync.innerRun(FutureTask.java:334)
	at java.util.concurrent.FutureTask.run(FutureTask.java:166)
	at java.util.concurrent.ThreadPoolExecutor.runWorker(ThreadPoolExecutor.java:1145)
	at java.util.concurrent.ThreadPoolExecutor$Worker.run(ThreadPoolExecutor.java:615)
	at java.lang.Thread.run(Thread.java:722)
Caused by: groovy.lang.MissingMethodException: No signature of method: com.axway.EmployeeRole.create() is applicable for argument types: (com.axway.Employee) values: [com.axway.Employee : 1]
Possible solutions: create(), create(com.axway.Employee, com.axway.Role), create(com.axway.Employee, com.axway.Role, boolean), merge(), read(java.io.Serializable), count()
	at sun.reflect.NativeConstructorAccessorImpl.newInstance0(Native Method)
	at sun.reflect.NativeConstructorAccessorImpl.newInstance(NativeConstructorAccessorImpl.java:57)
	at sun.reflect.DelegatingConstructorAccessorImpl.newInstance(DelegatingConstructorAccessorImpl.java:45)
	at java.lang.reflect.Constructor.newInstance(Constructor.java:525)
	at org.springsource.loaded.ri.ReflectiveInterceptor.jlrConstructorNewInstance(ReflectiveInterceptor.java:975)
	at org.codehaus.groovy.reflection.CachedConstructor.invoke(CachedConstructor.java:77)
	at org.codehaus.groovy.runtime.callsite.ConstructorSite$ConstructorSiteNoUnwrapNoCoerce.callConstructor(ConstructorSite.java:102)
	at org.codehaus.groovy.runtime.callsite.CallSiteArray.defaultCallConstructor(CallSiteArray.java:57)
	at org.codehaus.groovy.runtime.callsite.AbstractCallSite.callConstructor(AbstractCallSite.java:182)
	at org.codehaus.groovy.runtime.callsite.AbstractCallSite.callConstructor(AbstractCallSite.java:198)
	at org.grails.datastore.gorm.GormStaticApi.methodMissing(GormStaticApi.groovy:97)
	at com.axway.EmployeeRole.$static_methodMissing(EmployeeRole.groovy)
	at sun.reflect.NativeMethodAccessorImpl.invoke0(Native Method)
	at sun.reflect.NativeMethodAccessorImpl.invoke(NativeMethodAccessorImpl.java:57)
	at sun.reflect.DelegatingMethodAccessorImpl.invoke(DelegatingMethodAccessorImpl.java:43)
	at java.lang.reflect.Method.invoke(Method.java:601)
	at org.springsource.loaded.ri.ReflectiveInterceptor.jlrMethodInvoke(ReflectiveInterceptor.java:1243)
	at org.codehaus.groovy.reflection.CachedMethod.invoke(CachedMethod.java:90)
	at groovy.lang.MetaClassImpl.invokeStaticMissingMethod(MetaClassImpl.java:1362)
	at groovy.lang.MetaClassImpl.invokeStaticMethod(MetaClassImpl.java:1350)
	at groovy.lang.ExpandoMetaClass.invokeStaticMethod(ExpandoMetaClass.java:1123)
	at org.codehaus.groovy.runtime.callsite.StaticMetaClassSite.call(StaticMetaClassSite.java:50)
	at org.codehaus.groovy.runtime.callsite.CallSiteArray.defaultCall(CallSiteArray.java:45)
	at org.codehaus.groovy.runtime.callsite.AbstractCallSite.call(AbstractCallSite.java:108)
	at org.codehaus.groovy.runtime.callsite.AbstractCallSite.call(AbstractCallSite.java:116)
	at BootStrap$_closure1.doCall(BootStrap.groovy:12)
	at sun.reflect.NativeMethodAccessorImpl.invoke0(Native Method)
	at sun.reflect.NativeMethodAccessorImpl.invoke(NativeMethodAccessorImpl.java:57)
	at sun.reflect.DelegatingMethodAccessorImpl.invoke(DelegatingMethodAccessorImpl.java:43)
	at java.lang.reflect.Method.invoke(Method.java:601)
	at org.springsource.loaded.ri.ReflectiveInterceptor.jlrMethodInvoke(ReflectiveInterceptor.java:1243)
	at org.codehaus.groovy.reflection.CachedMethod.invoke(CachedMethod.java:90)
	... 26 more
2013-05-09 18:07:56,114 [localhost-startStop-1] ERROR StackTrace  - Full Stack Trace:
groovy.lang.MissingMethodException: No signature of method: com.axway.EmployeeRole.create() is applicable for argument types: (com.axway.Employee) values: [com.axway.Employee : 1]
Possible solutions: create(), create(com.axway.Employee, com.axway.Role), create(com.axway.Employee, com.axway.Role, boolean), merge(), read(java.io.Serializable), count()
	at sun.reflect.NativeConstructorAccessorImpl.newInstance0(Native Method)
	at sun.reflect.NativeConstructorAccessorImpl.newInstance(NativeConstructorAccessorImpl.java:57)
	at sun.reflect.DelegatingConstructorAccessorImpl.newInstance(DelegatingConstructorAccessorImpl.java:45)
	at java.lang.reflect.Constructor.newInstance(Constructor.java:525)
	at org.springsource.loaded.ri.ReflectiveInterceptor.jlrConstructorNewInstance(ReflectiveInterceptor.java:975)
	at org.codehaus.groovy.reflection.CachedConstructor.invoke(CachedConstructor.java:77)
	at org.codehaus.groovy.runtime.callsite.ConstructorSite$ConstructorSiteNoUnwrapNoCoerce.callConstructor(ConstructorSite.java:102)
	at org.codehaus.groovy.runtime.callsite.CallSiteArray.defaultCallConstructor(CallSiteArray.java:57)
	at org.codehaus.groovy.runtime.callsite.AbstractCallSite.callConstructor(AbstractCallSite.java:182)
	at org.codehaus.groovy.runtime.callsite.AbstractCallSite.callConstructor(AbstractCallSite.java:198)
	at org.grails.datastore.gorm.GormStaticApi.methodMissing(GormStaticApi.groovy:97)
	at com.axway.EmployeeRole.$static_methodMissing(EmployeeRole.groovy)
	at sun.reflect.NativeMethodAccessorImpl.invoke0(Native Method)
	at sun.reflect.NativeMethodAccessorImpl.invoke(NativeMethodAccessorImpl.java:57)
	at sun.reflect.DelegatingMethodAccessorImpl.invoke(DelegatingMethodAccessorImpl.java:43)
	at java.lang.reflect.Method.invoke(Method.java:601)
	at org.springsource.loaded.ri.ReflectiveInterceptor.jlrMethodInvoke(ReflectiveInterceptor.java:1243)
	at org.codehaus.groovy.reflection.CachedMethod.invoke(CachedMethod.java:90)
	at groovy.lang.MetaClassImpl.invokeStaticMissingMethod(MetaClassImpl.java:1362)
	at groovy.lang.MetaClassImpl.invokeStaticMethod(MetaClassImpl.java:1350)
	at groovy.lang.ExpandoMetaClass.invokeStaticMethod(ExpandoMetaClass.java:1123)
	at org.codehaus.groovy.runtime.callsite.StaticMetaClassSite.call(StaticMetaClassSite.java:50)
	at org.codehaus.groovy.runtime.callsite.CallSiteArray.defaultCall(CallSiteArray.java:45)
	at org.codehaus.groovy.runtime.callsite.AbstractCallSite.call(AbstractCallSite.java:108)
	at org.codehaus.groovy.runtime.callsite.AbstractCallSite.call(AbstractCallSite.java:116)
	at BootStrap$_closure1.doCall(BootStrap.groovy:12)
	at sun.reflect.NativeMethodAccessorImpl.invoke0(Native Method)
	at sun.reflect.NativeMethodAccessorImpl.invoke(NativeMethodAccessorImpl.java:57)
	at sun.reflect.DelegatingMethodAccessorImpl.invoke(DelegatingMethodAccessorImpl.java:43)
	at java.lang.reflect.Method.invoke(Method.java:601)
	at org.springsource.loaded.ri.ReflectiveInterceptor.jlrMethodInvoke(ReflectiveInterceptor.java:1243)
	at org.codehaus.groovy.reflection.CachedMethod.invoke(CachedMethod.java:90)
	at groovy.lang.MetaMethod.doMethodInvoke(MetaMethod.java:233)
	at groovy.lang.MetaClassImpl.invokeMethod(MetaClassImpl.java:1076)
	at groovy.lang.ExpandoMetaClass.invokeMethod(ExpandoMetaClass.java:1110)
	at groovy.lang.MetaClassImpl.invokeMethod(MetaClassImpl.java:906)
	at groovy.lang.MetaClassImpl.invokeMethod(MetaClassImpl.java:950)
	at groovy.lang.ExpandoMetaClass.invokeMethod(ExpandoMetaClass.java:1110)
	at groovy.lang.MetaClassImpl.invokeMethod(MetaClassImpl.java:906)
	at groovy.lang.Closure.call(Closure.java:415)
	at groovy.lang.Closure.call(Closure.java:409)
	at grails.util.Environment.evaluateEnvironmentSpecificBlock(Environment.java:308)
	at grails.util.Environment.executeForEnvironment(Environment.java:301)
	at grails.util.Environment.executeForCurrentEnvironment(Environment.java:277)
	at org.codehaus.groovy.grails.commons.DefaultGrailsBootstrapClass.callInit(DefaultGrailsBootstrapClass.java:60)
	at org.codehaus.groovy.grails.web.context.GrailsConfigUtils.executeGrailsBootstraps(GrailsConfigUtils.java:74)
	at org.codehaus.groovy.grails.web.context.GrailsContextLoader.initWebApplicationContext(GrailsContextLoader.java:108)
	at org.springframework.web.context.ContextLoaderListener.contextInitialized(ContextLoaderListener.java:111)
	at org.apache.catalina.core.StandardContext.listenerStart(StandardContext.java:4791)
	at org.apache.catalina.core.StandardContext.startInternal(StandardContext.java:5285)
	at org.apache.catalina.util.LifecycleBase.start(LifecycleBase.java:150)
	at org.apache.catalina.core.ContainerBase$StartChild.call(ContainerBase.java:1559)
	at org.apache.catalina.core.ContainerBase$StartChild.call(ContainerBase.java:1549)
	at java.util.concurrent.FutureTask$Sync.innerRun(FutureTask.java:334)
	at java.util.concurrent.FutureTask.run(FutureTask.java:166)
	at java.util.concurrent.ThreadPoolExecutor.runWorker(ThreadPoolExecutor.java:1145)
	at java.util.concurrent.ThreadPoolExecutor$Worker.run(ThreadPoolExecutor.java:615)
	at java.lang.Thread.run(Thread.java:722)
2013-05-09 18:07:56,134 [localhost-startStop-1] ERROR StackTrace  - Full Stack Trace:
org.codehaus.groovy.runtime.InvokerInvocationException: groovy.lang.MissingMethodException: No signature of method: com.axway.EmployeeRole.create() is applicable for argument types: (com.axway.Employee) values: [com.axway.Employee : 1]
Possible solutions: create(), create(com.axway.Employee, com.axway.Role), create(com.axway.Employee, com.axway.Role, boolean), merge(), read(java.io.Serializable), count()
	at grails.util.Environment.evaluateEnvironmentSpecificBlock(Environment.java:308)
	at grails.util.Environment.executeForEnvironment(Environment.java:301)
	at grails.util.Environment.executeForCurrentEnvironment(Environment.java:277)
	at java.util.concurrent.FutureTask$Sync.innerRun(FutureTask.java:334)
	at java.util.concurrent.FutureTask.run(FutureTask.java:166)
	at java.util.concurrent.ThreadPoolExecutor.runWorker(ThreadPoolExecutor.java:1145)
	at java.util.concurrent.ThreadPoolExecutor$Worker.run(ThreadPoolExecutor.java:615)
	at java.lang.Thread.run(Thread.java:722)
Caused by: groovy.lang.MissingMethodException: No signature of method: com.axway.EmployeeRole.create() is applicable for argument types: (com.axway.Employee) values: [com.axway.Employee : 1]
Possible solutions: create(), create(com.axway.Employee, com.axway.Role), create(com.axway.Employee, com.axway.Role, boolean), merge(), read(java.io.Serializable), count()
	at org.grails.datastore.gorm.GormStaticApi.methodMissing(GormStaticApi.groovy:97)
	at BootStrap$_closure1.doCall(BootStrap.groovy:12)
	... 8 more
2013-05-09 18:07:56,205 [localhost-startStop-1] ERROR StackTrace  - Full Stack Trace:
org.codehaus.groovy.runtime.InvokerInvocationException: groovy.lang.MissingMethodException: No signature of method: com.axway.EmployeeRole.create() is applicable for argument types: (com.axway.Employee) values: [com.axway.Employee : 1]
Possible solutions: create(), create(com.axway.Employee, com.axway.Role), create(com.axway.Employee, com.axway.Role, boolean), merge(), read(java.io.Serializable), count()
	at grails.util.Environment.evaluateEnvironmentSpecificBlock(Environment.java:308)
	at grails.util.Environment.executeForEnvironment(Environment.java:301)
	at grails.util.Environment.executeForCurrentEnvironment(Environment.java:277)
	at java.util.concurrent.FutureTask$Sync.innerRun(FutureTask.java:334)
	at java.util.concurrent.FutureTask.run(FutureTask.java:166)
	at java.util.concurrent.ThreadPoolExecutor.runWorker(ThreadPoolExecutor.java:1145)
	at java.util.concurrent.ThreadPoolExecutor$Worker.run(ThreadPoolExecutor.java:615)
	at java.lang.Thread.run(Thread.java:722)
Caused by: groovy.lang.MissingMethodException: No signature of method: com.axway.EmployeeRole.create() is applicable for argument types: (com.axway.Employee) values: [com.axway.Employee : 1]
Possible solutions: create(), create(com.axway.Employee, com.axway.Role), create(com.axway.Employee, com.axway.Role, boolean), merge(), read(java.io.Serializable), count()
	at org.grails.datastore.gorm.GormStaticApi.methodMissing(GormStaticApi.groovy:97)
	at BootStrap$_closure1.doCall(BootStrap.groovy:12)
	... 8 more
2013-05-09 18:07:56,228 [localhost-startStop-1] ERROR StackTrace  - Full Stack Trace:
groovy.lang.MissingMethodException: No signature of method: com.axway.EmployeeRole.create() is applicable for argument types: (com.axway.Employee) values: [com.axway.Employee : 1]
Possible solutions: create(), create(com.axway.Employee, com.axway.Role), create(com.axway.Employee, com.axway.Role, boolean), merge(), read(java.io.Serializable), count()
	at org.grails.datastore.gorm.GormStaticApi.methodMissing(GormStaticApi.groovy:97)
	at BootStrap$_closure1.doCall(BootStrap.groovy:12)
	at grails.util.Environment.evaluateEnvironmentSpecificBlock(Environment.java:308)
	at grails.util.Environment.executeForEnvironment(Environment.java:301)
	at grails.util.Environment.executeForCurrentEnvironment(Environment.java:277)
	at java.util.concurrent.FutureTask$Sync.innerRun(FutureTask.java:334)
	at java.util.concurrent.FutureTask.run(FutureTask.java:166)
	at java.util.concurrent.ThreadPoolExecutor.runWorker(ThreadPoolExecutor.java:1145)
	at java.util.concurrent.ThreadPoolExecutor$Worker.run(ThreadPoolExecutor.java:615)
	at java.lang.Thread.run(Thread.java:722)
2013-05-09 18:07:56,229 [localhost-startStop-1] ERROR StackTrace  - Full Stack Trace:
org.codehaus.groovy.runtime.InvokerInvocationException: groovy.lang.MissingMethodException: No signature of method: com.axway.EmployeeRole.create() is applicable for argument types: (com.axway.Employee) values: [com.axway.Employee : 1]
Possible solutions: create(), create(com.axway.Employee, com.axway.Role), create(com.axway.Employee, com.axway.Role, boolean), merge(), read(java.io.Serializable), count()
	at grails.util.Environment.evaluateEnvironmentSpecificBlock(Environment.java:308)
	at grails.util.Environment.executeForEnvironment(Environment.java:301)
	at grails.util.Environment.executeForCurrentEnvironment(Environment.java:277)
	at java.util.concurrent.FutureTask$Sync.innerRun(FutureTask.java:334)
	at java.util.concurrent.FutureTask.run(FutureTask.java:166)
	at java.util.concurrent.ThreadPoolExecutor.runWorker(ThreadPoolExecutor.java:1145)
	at java.util.concurrent.ThreadPoolExecutor$Worker.run(ThreadPoolExecutor.java:615)
	at java.lang.Thread.run(Thread.java:722)
Caused by: groovy.lang.MissingMethodException: No signature of method: com.axway.EmployeeRole.create() is applicable for argument types: (com.axway.Employee) values: [com.axway.Employee : 1]
Possible solutions: create(), create(com.axway.Employee, com.axway.Role), create(com.axway.Employee, com.axway.Role, boolean), merge(), read(java.io.Serializable), count()
	at org.grails.datastore.gorm.GormStaticApi.methodMissing(GormStaticApi.groovy:97)
	at BootStrap$_closure1.doCall(BootStrap.groovy:12)
	... 8 more
2013-05-09 18:07:56,234 [localhost-startStop-1] ERROR StackTrace  - Full Stack Trace:
org.codehaus.groovy.runtime.InvokerInvocationException: groovy.lang.MissingMethodException: No signature of method: com.axway.EmployeeRole.create() is applicable for argument types: (com.axway.Employee) values: [com.axway.Employee : 1]
Possible solutions: create(), create(com.axway.Employee, com.axway.Role), create(com.axway.Employee, com.axway.Role, boolean), merge(), read(java.io.Serializable), count()
	at grails.util.Environment.evaluateEnvironmentSpecificBlock(Environment.java:308)
	at grails.util.Environment.executeForEnvironment(Environment.java:301)
	at grails.util.Environment.executeForCurrentEnvironment(Environment.java:277)
	at java.util.concurrent.FutureTask$Sync.innerRun(FutureTask.java:334)
	at java.util.concurrent.FutureTask.run(FutureTask.java:166)
	at java.util.concurrent.ThreadPoolExecutor.runWorker(ThreadPoolExecutor.java:1145)
	at java.util.concurrent.ThreadPoolExecutor$Worker.run(ThreadPoolExecutor.java:615)
	at java.lang.Thread.run(Thread.java:722)
Caused by: groovy.lang.MissingMethodException: No signature of method: com.axway.EmployeeRole.create() is applicable for argument types: (com.axway.Employee) values: [com.axway.Employee : 1]
Possible solutions: create(), create(com.axway.Employee, com.axway.Role), create(com.axway.Employee, com.axway.Role, boolean), merge(), read(java.io.Serializable), count()
	at org.grails.datastore.gorm.GormStaticApi.methodMissing(GormStaticApi.groovy:97)
	at BootStrap$_closure1.doCall(BootStrap.groovy:12)
	... 8 more
2013-05-09 18:07:56,238 [localhost-startStop-1] ERROR StackTrace  - Full Stack Trace:
groovy.lang.MissingMethodException: No signature of method: com.axway.EmployeeRole.create() is applicable for argument types: (com.axway.Employee) values: [com.axway.Employee : 1]
Possible solutions: create(), create(com.axway.Employee, com.axway.Role), create(com.axway.Employee, com.axway.Role, boolean), merge(), read(java.io.Serializable), count()
	at org.grails.datastore.gorm.GormStaticApi.methodMissing(GormStaticApi.groovy:97)
	at BootStrap$_closure1.doCall(BootStrap.groovy:12)
	at grails.util.Environment.evaluateEnvironmentSpecificBlock(Environment.java:308)
	at grails.util.Environment.executeForEnvironment(Environment.java:301)
	at grails.util.Environment.executeForCurrentEnvironment(Environment.java:277)
	at java.util.concurrent.FutureTask$Sync.innerRun(FutureTask.java:334)
	at java.util.concurrent.FutureTask.run(FutureTask.java:166)
	at java.util.concurrent.ThreadPoolExecutor.runWorker(ThreadPoolExecutor.java:1145)
	at java.util.concurrent.ThreadPoolExecutor$Worker.run(ThreadPoolExecutor.java:615)
	at java.lang.Thread.run(Thread.java:722)
2013-05-09 18:07:56,240 [localhost-startStop-1] ERROR StackTrace  - Full Stack Trace:
org.codehaus.groovy.runtime.InvokerInvocationException: groovy.lang.MissingMethodException: No signature of method: com.axway.EmployeeRole.create() is applicable for argument types: (com.axway.Employee) values: [com.axway.Employee : 1]
Possible solutions: create(), create(com.axway.Employee, com.axway.Role), create(com.axway.Employee, com.axway.Role, boolean), merge(), read(java.io.Serializable), count()
	at grails.util.Environment.evaluateEnvironmentSpecificBlock(Environment.java:308)
	at grails.util.Environment.executeForEnvironment(Environment.java:301)
	at grails.util.Environment.executeForCurrentEnvironment(Environment.java:277)
	at java.util.concurrent.FutureTask$Sync.innerRun(FutureTask.java:334)
	at java.util.concurrent.FutureTask.run(FutureTask.java:166)
	at java.util.concurrent.ThreadPoolExecutor.runWorker(ThreadPoolExecutor.java:1145)
	at java.util.concurrent.ThreadPoolExecutor$Worker.run(ThreadPoolExecutor.java:615)
	at java.lang.Thread.run(Thread.java:722)
Caused by: groovy.lang.MissingMethodException: No signature of method: com.axway.EmployeeRole.create() is applicable for argument types: (com.axway.Employee) values: [com.axway.Employee : 1]
Possible solutions: create(), create(com.axway.Employee, com.axway.Role), create(com.axway.Employee, com.axway.Role, boolean), merge(), read(java.io.Serializable), count()
	at org.grails.datastore.gorm.GormStaticApi.methodMissing(GormStaticApi.groovy:97)
	at BootStrap$_closure1.doCall(BootStrap.groovy:12)
	... 8 more
2013-05-09 18:08:50,836 [localhost-startStop-1] ERROR StackTrace  - Full Stack Trace:
org.codehaus.groovy.runtime.InvokerInvocationException: groovy.lang.MissingMethodException: No signature of method: com.axway.EmployeeRole.create() is applicable for argument types: (com.axway.Employee) values: [com.axway.Employee : 1]
Possible solutions: create(), create(com.axway.Employee, com.axway.Role), create(com.axway.Employee, com.axway.Role, boolean), merge(), read(java.io.Serializable), count()
	at org.codehaus.groovy.reflection.CachedMethod.invoke(CachedMethod.java:97)
	at groovy.lang.MetaMethod.doMethodInvoke(MetaMethod.java:233)
	at groovy.lang.MetaClassImpl.invokeMethod(MetaClassImpl.java:1076)
	at groovy.lang.ExpandoMetaClass.invokeMethod(ExpandoMetaClass.java:1110)
	at groovy.lang.MetaClassImpl.invokeMethod(MetaClassImpl.java:906)
	at groovy.lang.MetaClassImpl.invokeMethod(MetaClassImpl.java:950)
	at groovy.lang.ExpandoMetaClass.invokeMethod(ExpandoMetaClass.java:1110)
	at groovy.lang.MetaClassImpl.invokeMethod(MetaClassImpl.java:906)
	at groovy.lang.Closure.call(Closure.java:415)
	at groovy.lang.Closure.call(Closure.java:409)
	at grails.util.Environment.evaluateEnvironmentSpecificBlock(Environment.java:308)
	at grails.util.Environment.executeForEnvironment(Environment.java:301)
	at grails.util.Environment.executeForCurrentEnvironment(Environment.java:277)
	at org.codehaus.groovy.grails.commons.DefaultGrailsBootstrapClass.callInit(DefaultGrailsBootstrapClass.java:60)
	at org.codehaus.groovy.grails.web.context.GrailsConfigUtils.executeGrailsBootstraps(GrailsConfigUtils.java:74)
	at org.codehaus.groovy.grails.web.context.GrailsContextLoader.initWebApplicationContext(GrailsContextLoader.java:108)
	at org.springframework.web.context.ContextLoaderListener.contextInitialized(ContextLoaderListener.java:111)
	at org.apache.catalina.core.StandardContext.listenerStart(StandardContext.java:4791)
	at org.apache.catalina.core.StandardContext.startInternal(StandardContext.java:5285)
	at org.apache.catalina.util.LifecycleBase.start(LifecycleBase.java:150)
	at org.apache.catalina.core.ContainerBase$StartChild.call(ContainerBase.java:1559)
	at org.apache.catalina.core.ContainerBase$StartChild.call(ContainerBase.java:1549)
	at java.util.concurrent.FutureTask$Sync.innerRun(FutureTask.java:334)
	at java.util.concurrent.FutureTask.run(FutureTask.java:166)
	at java.util.concurrent.ThreadPoolExecutor.runWorker(ThreadPoolExecutor.java:1145)
	at java.util.concurrent.ThreadPoolExecutor$Worker.run(ThreadPoolExecutor.java:615)
	at java.lang.Thread.run(Thread.java:722)
Caused by: groovy.lang.MissingMethodException: No signature of method: com.axway.EmployeeRole.create() is applicable for argument types: (com.axway.Employee) values: [com.axway.Employee : 1]
Possible solutions: create(), create(com.axway.Employee, com.axway.Role), create(com.axway.Employee, com.axway.Role, boolean), merge(), read(java.io.Serializable), count()
	at sun.reflect.NativeConstructorAccessorImpl.newInstance0(Native Method)
	at sun.reflect.NativeConstructorAccessorImpl.newInstance(NativeConstructorAccessorImpl.java:57)
	at sun.reflect.DelegatingConstructorAccessorImpl.newInstance(DelegatingConstructorAccessorImpl.java:45)
	at java.lang.reflect.Constructor.newInstance(Constructor.java:525)
	at org.springsource.loaded.ri.ReflectiveInterceptor.jlrConstructorNewInstance(ReflectiveInterceptor.java:975)
	at org.codehaus.groovy.reflection.CachedConstructor.invoke(CachedConstructor.java:77)
	at org.codehaus.groovy.runtime.callsite.ConstructorSite$ConstructorSiteNoUnwrapNoCoerce.callConstructor(ConstructorSite.java:102)
	at org.codehaus.groovy.runtime.callsite.CallSiteArray.defaultCallConstructor(CallSiteArray.java:57)
	at org.codehaus.groovy.runtime.callsite.AbstractCallSite.callConstructor(AbstractCallSite.java:182)
	at org.codehaus.groovy.runtime.callsite.AbstractCallSite.callConstructor(AbstractCallSite.java:198)
	at org.grails.datastore.gorm.GormStaticApi.methodMissing(GormStaticApi.groovy:97)
	at com.axway.EmployeeRole.$static_methodMissing(EmployeeRole.groovy)
	at sun.reflect.NativeMethodAccessorImpl.invoke0(Native Method)
	at sun.reflect.NativeMethodAccessorImpl.invoke(NativeMethodAccessorImpl.java:57)
	at sun.reflect.DelegatingMethodAccessorImpl.invoke(DelegatingMethodAccessorImpl.java:43)
	at java.lang.reflect.Method.invoke(Method.java:601)
	at org.springsource.loaded.ri.ReflectiveInterceptor.jlrMethodInvoke(ReflectiveInterceptor.java:1243)
	at org.codehaus.groovy.reflection.CachedMethod.invoke(CachedMethod.java:90)
	at groovy.lang.MetaClassImpl.invokeStaticMissingMethod(MetaClassImpl.java:1362)
	at groovy.lang.MetaClassImpl.invokeStaticMethod(MetaClassImpl.java:1350)
	at groovy.lang.ExpandoMetaClass.invokeStaticMethod(ExpandoMetaClass.java:1123)
	at org.codehaus.groovy.runtime.callsite.StaticMetaClassSite.call(StaticMetaClassSite.java:50)
	at org.codehaus.groovy.runtime.callsite.CallSiteArray.defaultCall(CallSiteArray.java:45)
	at org.codehaus.groovy.runtime.callsite.AbstractCallSite.call(AbstractCallSite.java:108)
	at org.codehaus.groovy.runtime.callsite.AbstractCallSite.call(AbstractCallSite.java:116)
	at BootStrap$_closure1.doCall(BootStrap.groovy:12)
	at sun.reflect.NativeMethodAccessorImpl.invoke0(Native Method)
	at sun.reflect.NativeMethodAccessorImpl.invoke(NativeMethodAccessorImpl.java:57)
	at sun.reflect.DelegatingMethodAccessorImpl.invoke(DelegatingMethodAccessorImpl.java:43)
	at java.lang.reflect.Method.invoke(Method.java:601)
	at org.springsource.loaded.ri.ReflectiveInterceptor.jlrMethodInvoke(ReflectiveInterceptor.java:1243)
	at org.codehaus.groovy.reflection.CachedMethod.invoke(CachedMethod.java:90)
	... 26 more
2013-05-09 18:08:50,872 [localhost-startStop-1] ERROR StackTrace  - Full Stack Trace:
groovy.lang.MissingMethodException: No signature of method: com.axway.EmployeeRole.create() is applicable for argument types: (com.axway.Employee) values: [com.axway.Employee : 1]
Possible solutions: create(), create(com.axway.Employee, com.axway.Role), create(com.axway.Employee, com.axway.Role, boolean), merge(), read(java.io.Serializable), count()
	at sun.reflect.NativeConstructorAccessorImpl.newInstance0(Native Method)
	at sun.reflect.NativeConstructorAccessorImpl.newInstance(NativeConstructorAccessorImpl.java:57)
	at sun.reflect.DelegatingConstructorAccessorImpl.newInstance(DelegatingConstructorAccessorImpl.java:45)
	at java.lang.reflect.Constructor.newInstance(Constructor.java:525)
	at org.springsource.loaded.ri.ReflectiveInterceptor.jlrConstructorNewInstance(ReflectiveInterceptor.java:975)
	at org.codehaus.groovy.reflection.CachedConstructor.invoke(CachedConstructor.java:77)
	at org.codehaus.groovy.runtime.callsite.ConstructorSite$ConstructorSiteNoUnwrapNoCoerce.callConstructor(ConstructorSite.java:102)
	at org.codehaus.groovy.runtime.callsite.CallSiteArray.defaultCallConstructor(CallSiteArray.java:57)
	at org.codehaus.groovy.runtime.callsite.AbstractCallSite.callConstructor(AbstractCallSite.java:182)
	at org.codehaus.groovy.runtime.callsite.AbstractCallSite.callConstructor(AbstractCallSite.java:198)
	at org.grails.datastore.gorm.GormStaticApi.methodMissing(GormStaticApi.groovy:97)
	at com.axway.EmployeeRole.$static_methodMissing(EmployeeRole.groovy)
	at sun.reflect.NativeMethodAccessorImpl.invoke0(Native Method)
	at sun.reflect.NativeMethodAccessorImpl.invoke(NativeMethodAccessorImpl.java:57)
	at sun.reflect.DelegatingMethodAccessorImpl.invoke(DelegatingMethodAccessorImpl.java:43)
	at java.lang.reflect.Method.invoke(Method.java:601)
	at org.springsource.loaded.ri.ReflectiveInterceptor.jlrMethodInvoke(ReflectiveInterceptor.java:1243)
	at org.codehaus.groovy.reflection.CachedMethod.invoke(CachedMethod.java:90)
	at groovy.lang.MetaClassImpl.invokeStaticMissingMethod(MetaClassImpl.java:1362)
	at groovy.lang.MetaClassImpl.invokeStaticMethod(MetaClassImpl.java:1350)
	at groovy.lang.ExpandoMetaClass.invokeStaticMethod(ExpandoMetaClass.java:1123)
	at org.codehaus.groovy.runtime.callsite.StaticMetaClassSite.call(StaticMetaClassSite.java:50)
	at org.codehaus.groovy.runtime.callsite.CallSiteArray.defaultCall(CallSiteArray.java:45)
	at org.codehaus.groovy.runtime.callsite.AbstractCallSite.call(AbstractCallSite.java:108)
	at org.codehaus.groovy.runtime.callsite.AbstractCallSite.call(AbstractCallSite.java:116)
	at BootStrap$_closure1.doCall(BootStrap.groovy:12)
	at sun.reflect.NativeMethodAccessorImpl.invoke0(Native Method)
	at sun.reflect.NativeMethodAccessorImpl.invoke(NativeMethodAccessorImpl.java:57)
	at sun.reflect.DelegatingMethodAccessorImpl.invoke(DelegatingMethodAccessorImpl.java:43)
	at java.lang.reflect.Method.invoke(Method.java:601)
	at org.springsource.loaded.ri.ReflectiveInterceptor.jlrMethodInvoke(ReflectiveInterceptor.java:1243)
	at org.codehaus.groovy.reflection.CachedMethod.invoke(CachedMethod.java:90)
	at groovy.lang.MetaMethod.doMethodInvoke(MetaMethod.java:233)
	at groovy.lang.MetaClassImpl.invokeMethod(MetaClassImpl.java:1076)
	at groovy.lang.ExpandoMetaClass.invokeMethod(ExpandoMetaClass.java:1110)
	at groovy.lang.MetaClassImpl.invokeMethod(MetaClassImpl.java:906)
	at groovy.lang.MetaClassImpl.invokeMethod(MetaClassImpl.java:950)
	at groovy.lang.ExpandoMetaClass.invokeMethod(ExpandoMetaClass.java:1110)
	at groovy.lang.MetaClassImpl.invokeMethod(MetaClassImpl.java:906)
	at groovy.lang.Closure.call(Closure.java:415)
	at groovy.lang.Closure.call(Closure.java:409)
	at grails.util.Environment.evaluateEnvironmentSpecificBlock(Environment.java:308)
	at grails.util.Environment.executeForEnvironment(Environment.java:301)
	at grails.util.Environment.executeForCurrentEnvironment(Environment.java:277)
	at org.codehaus.groovy.grails.commons.DefaultGrailsBootstrapClass.callInit(DefaultGrailsBootstrapClass.java:60)
	at org.codehaus.groovy.grails.web.context.GrailsConfigUtils.executeGrailsBootstraps(GrailsConfigUtils.java:74)
	at org.codehaus.groovy.grails.web.context.GrailsContextLoader.initWebApplicationContext(GrailsContextLoader.java:108)
	at org.springframework.web.context.ContextLoaderListener.contextInitialized(ContextLoaderListener.java:111)
	at org.apache.catalina.core.StandardContext.listenerStart(StandardContext.java:4791)
	at org.apache.catalina.core.StandardContext.startInternal(StandardContext.java:5285)
	at org.apache.catalina.util.LifecycleBase.start(LifecycleBase.java:150)
	at org.apache.catalina.core.ContainerBase$StartChild.call(ContainerBase.java:1559)
	at org.apache.catalina.core.ContainerBase$StartChild.call(ContainerBase.java:1549)
	at java.util.concurrent.FutureTask$Sync.innerRun(FutureTask.java:334)
	at java.util.concurrent.FutureTask.run(FutureTask.java:166)
	at java.util.concurrent.ThreadPoolExecutor.runWorker(ThreadPoolExecutor.java:1145)
	at java.util.concurrent.ThreadPoolExecutor$Worker.run(ThreadPoolExecutor.java:615)
	at java.lang.Thread.run(Thread.java:722)
2013-05-09 18:08:50,883 [localhost-startStop-1] ERROR StackTrace  - Full Stack Trace:
org.codehaus.groovy.runtime.InvokerInvocationException: groovy.lang.MissingMethodException: No signature of method: com.axway.EmployeeRole.create() is applicable for argument types: (com.axway.Employee) values: [com.axway.Employee : 1]
Possible solutions: create(), create(com.axway.Employee, com.axway.Role), create(com.axway.Employee, com.axway.Role, boolean), merge(), read(java.io.Serializable), count()
	at grails.util.Environment.evaluateEnvironmentSpecificBlock(Environment.java:308)
	at grails.util.Environment.executeForEnvironment(Environment.java:301)
	at grails.util.Environment.executeForCurrentEnvironment(Environment.java:277)
	at java.util.concurrent.FutureTask$Sync.innerRun(FutureTask.java:334)
	at java.util.concurrent.FutureTask.run(FutureTask.java:166)
	at java.util.concurrent.ThreadPoolExecutor.runWorker(ThreadPoolExecutor.java:1145)
	at java.util.concurrent.ThreadPoolExecutor$Worker.run(ThreadPoolExecutor.java:615)
	at java.lang.Thread.run(Thread.java:722)
Caused by: groovy.lang.MissingMethodException: No signature of method: com.axway.EmployeeRole.create() is applicable for argument types: (com.axway.Employee) values: [com.axway.Employee : 1]
Possible solutions: create(), create(com.axway.Employee, com.axway.Role), create(com.axway.Employee, com.axway.Role, boolean), merge(), read(java.io.Serializable), count()
	at org.grails.datastore.gorm.GormStaticApi.methodMissing(GormStaticApi.groovy:97)
	at BootStrap$_closure1.doCall(BootStrap.groovy:12)
	... 8 more
2013-05-09 18:08:50,912 [localhost-startStop-1] ERROR StackTrace  - Full Stack Trace:
org.codehaus.groovy.runtime.InvokerInvocationException: groovy.lang.MissingMethodException: No signature of method: com.axway.EmployeeRole.create() is applicable for argument types: (com.axway.Employee) values: [com.axway.Employee : 1]
Possible solutions: create(), create(com.axway.Employee, com.axway.Role), create(com.axway.Employee, com.axway.Role, boolean), merge(), read(java.io.Serializable), count()
	at grails.util.Environment.evaluateEnvironmentSpecificBlock(Environment.java:308)
	at grails.util.Environment.executeForEnvironment(Environment.java:301)
	at grails.util.Environment.executeForCurrentEnvironment(Environment.java:277)
	at java.util.concurrent.FutureTask$Sync.innerRun(FutureTask.java:334)
	at java.util.concurrent.FutureTask.run(FutureTask.java:166)
	at java.util.concurrent.ThreadPoolExecutor.runWorker(ThreadPoolExecutor.java:1145)
	at java.util.concurrent.ThreadPoolExecutor$Worker.run(ThreadPoolExecutor.java:615)
	at java.lang.Thread.run(Thread.java:722)
Caused by: groovy.lang.MissingMethodException: No signature of method: com.axway.EmployeeRole.create() is applicable for argument types: (com.axway.Employee) values: [com.axway.Employee : 1]
Possible solutions: create(), create(com.axway.Employee, com.axway.Role), create(com.axway.Employee, com.axway.Role, boolean), merge(), read(java.io.Serializable), count()
	at org.grails.datastore.gorm.GormStaticApi.methodMissing(GormStaticApi.groovy:97)
	at BootStrap$_closure1.doCall(BootStrap.groovy:12)
	... 8 more
2013-05-09 18:08:50,932 [localhost-startStop-1] ERROR StackTrace  - Full Stack Trace:
groovy.lang.MissingMethodException: No signature of method: com.axway.EmployeeRole.create() is applicable for argument types: (com.axway.Employee) values: [com.axway.Employee : 1]
Possible solutions: create(), create(com.axway.Employee, com.axway.Role), create(com.axway.Employee, com.axway.Role, boolean), merge(), read(java.io.Serializable), count()
	at org.grails.datastore.gorm.GormStaticApi.methodMissing(GormStaticApi.groovy:97)
	at BootStrap$_closure1.doCall(BootStrap.groovy:12)
	at grails.util.Environment.evaluateEnvironmentSpecificBlock(Environment.java:308)
	at grails.util.Environment.executeForEnvironment(Environment.java:301)
	at grails.util.Environment.executeForCurrentEnvironment(Environment.java:277)
	at java.util.concurrent.FutureTask$Sync.innerRun(FutureTask.java:334)
	at java.util.concurrent.FutureTask.run(FutureTask.java:166)
	at java.util.concurrent.ThreadPoolExecutor.runWorker(ThreadPoolExecutor.java:1145)
	at java.util.concurrent.ThreadPoolExecutor$Worker.run(ThreadPoolExecutor.java:615)
	at java.lang.Thread.run(Thread.java:722)
2013-05-09 18:08:50,942 [localhost-startStop-1] ERROR StackTrace  - Full Stack Trace:
org.codehaus.groovy.runtime.InvokerInvocationException: groovy.lang.MissingMethodException: No signature of method: com.axway.EmployeeRole.create() is applicable for argument types: (com.axway.Employee) values: [com.axway.Employee : 1]
Possible solutions: create(), create(com.axway.Employee, com.axway.Role), create(com.axway.Employee, com.axway.Role, boolean), merge(), read(java.io.Serializable), count()
	at grails.util.Environment.evaluateEnvironmentSpecificBlock(Environment.java:308)
	at grails.util.Environment.executeForEnvironment(Environment.java:301)
	at grails.util.Environment.executeForCurrentEnvironment(Environment.java:277)
	at java.util.concurrent.FutureTask$Sync.innerRun(FutureTask.java:334)
	at java.util.concurrent.FutureTask.run(FutureTask.java:166)
	at java.util.concurrent.ThreadPoolExecutor.runWorker(ThreadPoolExecutor.java:1145)
	at java.util.concurrent.ThreadPoolExecutor$Worker.run(ThreadPoolExecutor.java:615)
	at java.lang.Thread.run(Thread.java:722)
Caused by: groovy.lang.MissingMethodException: No signature of method: com.axway.EmployeeRole.create() is applicable for argument types: (com.axway.Employee) values: [com.axway.Employee : 1]
Possible solutions: create(), create(com.axway.Employee, com.axway.Role), create(com.axway.Employee, com.axway.Role, boolean), merge(), read(java.io.Serializable), count()
	at org.grails.datastore.gorm.GormStaticApi.methodMissing(GormStaticApi.groovy:97)
	at BootStrap$_closure1.doCall(BootStrap.groovy:12)
	... 8 more
2013-05-09 18:08:50,962 [localhost-startStop-1] ERROR StackTrace  - Full Stack Trace:
org.codehaus.groovy.runtime.InvokerInvocationException: groovy.lang.MissingMethodException: No signature of method: com.axway.EmployeeRole.create() is applicable for argument types: (com.axway.Employee) values: [com.axway.Employee : 1]
Possible solutions: create(), create(com.axway.Employee, com.axway.Role), create(com.axway.Employee, com.axway.Role, boolean), merge(), read(java.io.Serializable), count()
	at grails.util.Environment.evaluateEnvironmentSpecificBlock(Environment.java:308)
	at grails.util.Environment.executeForEnvironment(Environment.java:301)
	at grails.util.Environment.executeForCurrentEnvironment(Environment.java:277)
	at java.util.concurrent.FutureTask$Sync.innerRun(FutureTask.java:334)
	at java.util.concurrent.FutureTask.run(FutureTask.java:166)
	at java.util.concurrent.ThreadPoolExecutor.runWorker(ThreadPoolExecutor.java:1145)
	at java.util.concurrent.ThreadPoolExecutor$Worker.run(ThreadPoolExecutor.java:615)
	at java.lang.Thread.run(Thread.java:722)
Caused by: groovy.lang.MissingMethodException: No signature of method: com.axway.EmployeeRole.create() is applicable for argument types: (com.axway.Employee) values: [com.axway.Employee : 1]
Possible solutions: create(), create(com.axway.Employee, com.axway.Role), create(com.axway.Employee, com.axway.Role, boolean), merge(), read(java.io.Serializable), count()
	at org.grails.datastore.gorm.GormStaticApi.methodMissing(GormStaticApi.groovy:97)
	at BootStrap$_closure1.doCall(BootStrap.groovy:12)
	... 8 more
2013-05-09 18:08:50,964 [localhost-startStop-1] ERROR StackTrace  - Full Stack Trace:
groovy.lang.MissingMethodException: No signature of method: com.axway.EmployeeRole.create() is applicable for argument types: (com.axway.Employee) values: [com.axway.Employee : 1]
Possible solutions: create(), create(com.axway.Employee, com.axway.Role), create(com.axway.Employee, com.axway.Role, boolean), merge(), read(java.io.Serializable), count()
	at org.grails.datastore.gorm.GormStaticApi.methodMissing(GormStaticApi.groovy:97)
	at BootStrap$_closure1.doCall(BootStrap.groovy:12)
	at grails.util.Environment.evaluateEnvironmentSpecificBlock(Environment.java:308)
	at grails.util.Environment.executeForEnvironment(Environment.java:301)
	at grails.util.Environment.executeForCurrentEnvironment(Environment.java:277)
	at java.util.concurrent.FutureTask$Sync.innerRun(FutureTask.java:334)
	at java.util.concurrent.FutureTask.run(FutureTask.java:166)
	at java.util.concurrent.ThreadPoolExecutor.runWorker(ThreadPoolExecutor.java:1145)
	at java.util.concurrent.ThreadPoolExecutor$Worker.run(ThreadPoolExecutor.java:615)
	at java.lang.Thread.run(Thread.java:722)
2013-05-09 18:08:50,965 [localhost-startStop-1] ERROR StackTrace  - Full Stack Trace:
org.codehaus.groovy.runtime.InvokerInvocationException: groovy.lang.MissingMethodException: No signature of method: com.axway.EmployeeRole.create() is applicable for argument types: (com.axway.Employee) values: [com.axway.Employee : 1]
Possible solutions: create(), create(com.axway.Employee, com.axway.Role), create(com.axway.Employee, com.axway.Role, boolean), merge(), read(java.io.Serializable), count()
	at grails.util.Environment.evaluateEnvironmentSpecificBlock(Environment.java:308)
	at grails.util.Environment.executeForEnvironment(Environment.java:301)
	at grails.util.Environment.executeForCurrentEnvironment(Environment.java:277)
	at java.util.concurrent.FutureTask$Sync.innerRun(FutureTask.java:334)
	at java.util.concurrent.FutureTask.run(FutureTask.java:166)
	at java.util.concurrent.ThreadPoolExecutor.runWorker(ThreadPoolExecutor.java:1145)
	at java.util.concurrent.ThreadPoolExecutor$Worker.run(ThreadPoolExecutor.java:615)
	at java.lang.Thread.run(Thread.java:722)
Caused by: groovy.lang.MissingMethodException: No signature of method: com.axway.EmployeeRole.create() is applicable for argument types: (com.axway.Employee) values: [com.axway.Employee : 1]
Possible solutions: create(), create(com.axway.Employee, com.axway.Role), create(com.axway.Employee, com.axway.Role, boolean), merge(), read(java.io.Serializable), count()
	at org.grails.datastore.gorm.GormStaticApi.methodMissing(GormStaticApi.groovy:97)
	at BootStrap$_closure1.doCall(BootStrap.groovy:12)
	... 8 more
2013-05-09 18:10:22,350 [localhost-startStop-1] ERROR StackTrace  - Full Stack Trace:
grails.validation.ValidationException: Validation Error(s) occurred during save():
- Field error in object 'com.axway.Employee' on field 'username': rejected value [bobby]; codes [com.axway.Employee.username.unique.error.com.axway.Employee.username,com.axway.Employee.username.unique.error.username,com.axway.Employee.username.unique.error.java.lang.String,com.axway.Employee.username.unique.error,employee.username.unique.error.com.axway.Employee.username,employee.username.unique.error.username,employee.username.unique.error.java.lang.String,employee.username.unique.error,com.axway.Employee.username.unique.com.axway.Employee.username,com.axway.Employee.username.unique.username,com.axway.Employee.username.unique.java.lang.String,com.axway.Employee.username.unique,employee.username.unique.com.axway.Employee.username,employee.username.unique.username,employee.username.unique.java.lang.String,employee.username.unique,unique.com.axway.Employee.username,unique.username,unique.java.lang.String,unique]; arguments [username,class com.axway.Employee,bobby]; default message [Property [{0}] of class [{1}] with value [{2}] must be unique]

	at org.codehaus.groovy.grails.orm.hibernate.metaclass.AbstractSavePersistentMethod.doInvokeInternal(AbstractSavePersistentMethod.java:190)
	at org.codehaus.groovy.grails.orm.hibernate.metaclass.AbstractDynamicPersistentMethod.invoke(AbstractDynamicPersistentMethod.java:63)
	at sun.reflect.NativeMethodAccessorImpl.invoke0(Native Method)
	at sun.reflect.NativeMethodAccessorImpl.invoke(NativeMethodAccessorImpl.java:57)
	at sun.reflect.DelegatingMethodAccessorImpl.invoke(DelegatingMethodAccessorImpl.java:43)
	at java.lang.reflect.Method.invoke(Method.java:601)
	at org.springsource.loaded.ri.ReflectiveInterceptor.jlrMethodInvoke(ReflectiveInterceptor.java:1243)
	at org.codehaus.groovy.runtime.callsite.PojoMetaMethodSite$PojoCachedMethodSite.invoke(PojoMetaMethodSite.java:189)
	at org.codehaus.groovy.runtime.callsite.PojoMetaMethodSite.call(PojoMetaMethodSite.java:53)
	at org.codehaus.groovy.runtime.callsite.CallSiteArray.defaultCall(CallSiteArray.java:45)
	at org.codehaus.groovy.runtime.callsite.PojoMetaMethodSite.call(PojoMetaMethodSite.java:55)
	at org.codehaus.groovy.runtime.callsite.AbstractCallSite.call(AbstractCallSite.java:124)
	at org.codehaus.groovy.grails.orm.hibernate.HibernateGormInstanceApi.save(HibernateGormEnhancer.groovy:911)
	at com.axway.Employee.save(Employee.groovy)
	at com.axway.Employee$save.call(Unknown Source)
	at org.codehaus.groovy.runtime.callsite.CallSiteArray.defaultCall(CallSiteArray.java:45)
	at org.codehaus.groovy.runtime.callsite.AbstractCallSite.call(AbstractCallSite.java:108)
	at org.codehaus.groovy.runtime.callsite.AbstractCallSite.call(AbstractCallSite.java:116)
	at BootStrap$_closure1.doCall(BootStrap.groovy:15)
	at sun.reflect.NativeMethodAccessorImpl.invoke0(Native Method)
	at sun.reflect.NativeMethodAccessorImpl.invoke(NativeMethodAccessorImpl.java:57)
	at sun.reflect.DelegatingMethodAccessorImpl.invoke(DelegatingMethodAccessorImpl.java:43)
	at java.lang.reflect.Method.invoke(Method.java:601)
	at org.springsource.loaded.ri.ReflectiveInterceptor.jlrMethodInvoke(ReflectiveInterceptor.java:1243)
	at org.codehaus.groovy.reflection.CachedMethod.invoke(CachedMethod.java:90)
	at groovy.lang.MetaMethod.doMethodInvoke(MetaMethod.java:233)
	at groovy.lang.MetaClassImpl.invokeMethod(MetaClassImpl.java:1076)
	at groovy.lang.ExpandoMetaClass.invokeMethod(ExpandoMetaClass.java:1110)
	at groovy.lang.MetaClassImpl.invokeMethod(MetaClassImpl.java:906)
	at groovy.lang.MetaClassImpl.invokeMethod(MetaClassImpl.java:950)
	at groovy.lang.ExpandoMetaClass.invokeMethod(ExpandoMetaClass.java:1110)
	at groovy.lang.MetaClassImpl.invokeMethod(MetaClassImpl.java:906)
	at groovy.lang.Closure.call(Closure.java:415)
	at groovy.lang.Closure.call(Closure.java:409)
	at grails.util.Environment.evaluateEnvironmentSpecificBlock(Environment.java:308)
	at grails.util.Environment.executeForEnvironment(Environment.java:301)
	at grails.util.Environment.executeForCurrentEnvironment(Environment.java:277)
	at org.codehaus.groovy.grails.commons.DefaultGrailsBootstrapClass.callInit(DefaultGrailsBootstrapClass.java:60)
	at org.codehaus.groovy.grails.web.context.GrailsConfigUtils.executeGrailsBootstraps(GrailsConfigUtils.java:74)
	at org.codehaus.groovy.grails.web.context.GrailsContextLoader.initWebApplicationContext(GrailsContextLoader.java:108)
	at org.springframework.web.context.ContextLoaderListener.contextInitialized(ContextLoaderListener.java:111)
	at org.apache.catalina.core.StandardContext.listenerStart(StandardContext.java:4791)
	at org.apache.catalina.core.StandardContext.startInternal(StandardContext.java:5285)
	at org.apache.catalina.util.LifecycleBase.start(LifecycleBase.java:150)
	at org.apache.catalina.core.ContainerBase$StartChild.call(ContainerBase.java:1559)
	at org.apache.catalina.core.ContainerBase$StartChild.call(ContainerBase.java:1549)
	at java.util.concurrent.FutureTask$Sync.innerRun(FutureTask.java:334)
	at java.util.concurrent.FutureTask.run(FutureTask.java:166)
	at java.util.concurrent.ThreadPoolExecutor.runWorker(ThreadPoolExecutor.java:1145)
	at java.util.concurrent.ThreadPoolExecutor$Worker.run(ThreadPoolExecutor.java:615)
	at java.lang.Thread.run(Thread.java:722)
2013-05-09 18:10:22,352 [localhost-startStop-1] ERROR StackTrace  - Full Stack Trace:
grails.validation.ValidationException: Validation Error(s) occurred during save():
- Field error in object 'com.axway.Employee' on field 'username': rejected value [bobby]; codes [com.axway.Employee.username.unique.error.com.axway.Employee.username,com.axway.Employee.username.unique.error.username,com.axway.Employee.username.unique.error.java.lang.String,com.axway.Employee.username.unique.error,employee.username.unique.error.com.axway.Employee.username,employee.username.unique.error.username,employee.username.unique.error.java.lang.String,employee.username.unique.error,com.axway.Employee.username.unique.com.axway.Employee.username,com.axway.Employee.username.unique.username,com.axway.Employee.username.unique.java.lang.String,com.axway.Employee.username.unique,employee.username.unique.com.axway.Employee.username,employee.username.unique.username,employee.username.unique.java.lang.String,employee.username.unique,unique.com.axway.Employee.username,unique.username,unique.java.lang.String,unique]; arguments [username,class com.axway.Employee,bobby]; default message [Property [{0}] of class [{1}] with value [{2}] must be unique]

	at BootStrap$_closure1.doCall(BootStrap.groovy:15)
	at grails.util.Environment.evaluateEnvironmentSpecificBlock(Environment.java:308)
	at grails.util.Environment.executeForEnvironment(Environment.java:301)
	at grails.util.Environment.executeForCurrentEnvironment(Environment.java:277)
	at java.util.concurrent.FutureTask$Sync.innerRun(FutureTask.java:334)
	at java.util.concurrent.FutureTask.run(FutureTask.java:166)
	at java.util.concurrent.ThreadPoolExecutor.runWorker(ThreadPoolExecutor.java:1145)
	at java.util.concurrent.ThreadPoolExecutor$Worker.run(ThreadPoolExecutor.java:615)
	at java.lang.Thread.run(Thread.java:722)
2013-05-09 18:10:22,352 [localhost-startStop-1] ERROR StackTrace  - Full Stack Trace:
grails.validation.ValidationException: Validation Error(s) occurred during save():
- Field error in object 'com.axway.Employee' on field 'username': rejected value [bobby]; codes [com.axway.Employee.username.unique.error.com.axway.Employee.username,com.axway.Employee.username.unique.error.username,com.axway.Employee.username.unique.error.java.lang.String,com.axway.Employee.username.unique.error,employee.username.unique.error.com.axway.Employee.username,employee.username.unique.error.username,employee.username.unique.error.java.lang.String,employee.username.unique.error,com.axway.Employee.username.unique.com.axway.Employee.username,com.axway.Employee.username.unique.username,com.axway.Employee.username.unique.java.lang.String,com.axway.Employee.username.unique,employee.username.unique.com.axway.Employee.username,employee.username.unique.username,employee.username.unique.java.lang.String,employee.username.unique,unique.com.axway.Employee.username,unique.username,unique.java.lang.String,unique]; arguments [username,class com.axway.Employee,bobby]; default message [Property [{0}] of class [{1}] with value [{2}] must be unique]

	at BootStrap$_closure1.doCall(BootStrap.groovy:15)
	at grails.util.Environment.evaluateEnvironmentSpecificBlock(Environment.java:308)
	at grails.util.Environment.executeForEnvironment(Environment.java:301)
	at grails.util.Environment.executeForCurrentEnvironment(Environment.java:277)
	at java.util.concurrent.FutureTask$Sync.innerRun(FutureTask.java:334)
	at java.util.concurrent.FutureTask.run(FutureTask.java:166)
	at java.util.concurrent.ThreadPoolExecutor.runWorker(ThreadPoolExecutor.java:1145)
	at java.util.concurrent.ThreadPoolExecutor$Worker.run(ThreadPoolExecutor.java:615)
	at java.lang.Thread.run(Thread.java:722)
2013-05-09 18:10:22,352 [localhost-startStop-1] ERROR StackTrace  - Full Stack Trace:
grails.validation.ValidationException: Validation Error(s) occurred during save():
- Field error in object 'com.axway.Employee' on field 'username': rejected value [bobby]; codes [com.axway.Employee.username.unique.error.com.axway.Employee.username,com.axway.Employee.username.unique.error.username,com.axway.Employee.username.unique.error.java.lang.String,com.axway.Employee.username.unique.error,employee.username.unique.error.com.axway.Employee.username,employee.username.unique.error.username,employee.username.unique.error.java.lang.String,employee.username.unique.error,com.axway.Employee.username.unique.com.axway.Employee.username,com.axway.Employee.username.unique.username,com.axway.Employee.username.unique.java.lang.String,com.axway.Employee.username.unique,employee.username.unique.com.axway.Employee.username,employee.username.unique.username,employee.username.unique.java.lang.String,employee.username.unique,unique.com.axway.Employee.username,unique.username,unique.java.lang.String,unique]; arguments [username,class com.axway.Employee,bobby]; default message [Property [{0}] of class [{1}] with value [{2}] must be unique]

	at BootStrap$_closure1.doCall(BootStrap.groovy:15)
	at grails.util.Environment.evaluateEnvironmentSpecificBlock(Environment.java:308)
	at grails.util.Environment.executeForEnvironment(Environment.java:301)
	at grails.util.Environment.executeForCurrentEnvironment(Environment.java:277)
	at java.util.concurrent.FutureTask$Sync.innerRun(FutureTask.java:334)
	at java.util.concurrent.FutureTask.run(FutureTask.java:166)
	at java.util.concurrent.ThreadPoolExecutor.runWorker(ThreadPoolExecutor.java:1145)
	at java.util.concurrent.ThreadPoolExecutor$Worker.run(ThreadPoolExecutor.java:615)
	at java.lang.Thread.run(Thread.java:722)
2013-05-09 18:10:22,353 [localhost-startStop-1] ERROR StackTrace  - Full Stack Trace:
grails.validation.ValidationException: Validation Error(s) occurred during save():
- Field error in object 'com.axway.Employee' on field 'username': rejected value [bobby]; codes [com.axway.Employee.username.unique.error.com.axway.Employee.username,com.axway.Employee.username.unique.error.username,com.axway.Employee.username.unique.error.java.lang.String,com.axway.Employee.username.unique.error,employee.username.unique.error.com.axway.Employee.username,employee.username.unique.error.username,employee.username.unique.error.java.lang.String,employee.username.unique.error,com.axway.Employee.username.unique.com.axway.Employee.username,com.axway.Employee.username.unique.username,com.axway.Employee.username.unique.java.lang.String,com.axway.Employee.username.unique,employee.username.unique.com.axway.Employee.username,employee.username.unique.username,employee.username.unique.java.lang.String,employee.username.unique,unique.com.axway.Employee.username,unique.username,unique.java.lang.String,unique]; arguments [username,class com.axway.Employee,bobby]; default message [Property [{0}] of class [{1}] with value [{2}] must be unique]

	at BootStrap$_closure1.doCall(BootStrap.groovy:15)
	at grails.util.Environment.evaluateEnvironmentSpecificBlock(Environment.java:308)
	at grails.util.Environment.executeForEnvironment(Environment.java:301)
	at grails.util.Environment.executeForCurrentEnvironment(Environment.java:277)
	at java.util.concurrent.FutureTask$Sync.innerRun(FutureTask.java:334)
	at java.util.concurrent.FutureTask.run(FutureTask.java:166)
	at java.util.concurrent.ThreadPoolExecutor.runWorker(ThreadPoolExecutor.java:1145)
	at java.util.concurrent.ThreadPoolExecutor$Worker.run(ThreadPoolExecutor.java:615)
	at java.lang.Thread.run(Thread.java:722)
2013-05-09 18:10:22,353 [localhost-startStop-1] ERROR StackTrace  - Full Stack Trace:
grails.validation.ValidationException: Validation Error(s) occurred during save():
- Field error in object 'com.axway.Employee' on field 'username': rejected value [bobby]; codes [com.axway.Employee.username.unique.error.com.axway.Employee.username,com.axway.Employee.username.unique.error.username,com.axway.Employee.username.unique.error.java.lang.String,com.axway.Employee.username.unique.error,employee.username.unique.error.com.axway.Employee.username,employee.username.unique.error.username,employee.username.unique.error.java.lang.String,employee.username.unique.error,com.axway.Employee.username.unique.com.axway.Employee.username,com.axway.Employee.username.unique.username,com.axway.Employee.username.unique.java.lang.String,com.axway.Employee.username.unique,employee.username.unique.com.axway.Employee.username,employee.username.unique.username,employee.username.unique.java.lang.String,employee.username.unique,unique.com.axway.Employee.username,unique.username,unique.java.lang.String,unique]; arguments [username,class com.axway.Employee,bobby]; default message [Property [{0}] of class [{1}] with value [{2}] must be unique]

	at BootStrap$_closure1.doCall(BootStrap.groovy:15)
	at grails.util.Environment.evaluateEnvironmentSpecificBlock(Environment.java:308)
	at grails.util.Environment.executeForEnvironment(Environment.java:301)
	at grails.util.Environment.executeForCurrentEnvironment(Environment.java:277)
	at java.util.concurrent.FutureTask$Sync.innerRun(FutureTask.java:334)
	at java.util.concurrent.FutureTask.run(FutureTask.java:166)
	at java.util.concurrent.ThreadPoolExecutor.runWorker(ThreadPoolExecutor.java:1145)
	at java.util.concurrent.ThreadPoolExecutor$Worker.run(ThreadPoolExecutor.java:615)
	at java.lang.Thread.run(Thread.java:722)
